<?xml version="1.0" encoding="UTF-8"?>
<!-- Generated by org.testng.reporters.JUnitReportReporter -->
<testsuite hostname="LAPTOP-ACC0GSNC" failures="0" tests="1" name="com.acti.driver.DriverManager" time="8.667" errors="0" timestamp="2023-04-20T04:50:42 CDT" skipped="0">
  <testcase classname="com.acti.driver.DriverManager" name="initApplication" time="8.667"/>
  <system-out/>
</testsuite> <!-- com.acti.driver.DriverManager -->
