<?xml version="1.0" encoding="UTF-8"?>
<!-- Generated by org.testng.reporters.JUnitReportReporter -->
<testsuite hostname="LAPTOP-ACC0GSNC" failures="0" tests="5" name="com.acti.testcase.LoginPageTest" time="23.547" errors="0" timestamp="2023-04-20T08:19:39 CDT" skipped="0">
  <testcase classname="com.acti.testcase.LoginPageTest" name="testLoginPageTitle" time="3.342"/>
  <system-out/>
  <testcase classname="com.acti.testcase.LoginPageTest" name="testActiLogoDisplayed" time="3.323"/>
  <system-out/>
  <testcase classname="com.acti.testcase.LoginPageTest" name="testActiLinkDisplayed" time="3.626"/>
  <system-out/>
  <testcase classname="com.acti.testcase.LoginPageTest" name="testLoginFunction" time="7.404"/>
  <system-out/>
  <testcase classname="com.acti.testcase.LoginPageTest" name="testLoginInvalid" time="5.852"/>
  <system-out/>
</testsuite> <!-- com.acti.testcase.LoginPageTest -->
